#-----------------------------------------------------------
# Vivado v2019.2 (64-bit)
# SW Build 2708876 on Wed Nov  6 21:40:23 MST 2019
# IP Build 2700528 on Thu Nov  7 00:09:20 MST 2019
# Start of session at: Tue Feb 21 20:11:05 2023
# Process ID: 16296
# Current directory: C:/Users/86157/Desktop/Study/digital logic/shiyan6/lock
# Command line: vivado.exe -gui_launcher_event rodinguilauncherevent18308 C:\Users\86157\Desktop\Study\digital logic\shiyan6\lock\lock.xpr
# Log file: C:/Users/86157/Desktop/Study/digital logic/shiyan6/lock/vivado.log
# Journal file: C:/Users/86157/Desktop/Study/digital logic/shiyan6/lock\vivado.jou
#-----------------------------------------------------------
start_gui
open_project {C:/Users/86157/Desktop/Study/digital logic/shiyan6/lock/lock.xpr}
Scanning sources...
Finished scanning sources
INFO: [IP_Flow 19-234] Refreshing IP repositories
INFO: [IP_Flow 19-1704] No user IP repositories specified
INFO: [IP_Flow 19-2313] Loaded Vivado IP repository 'D:/Vivado/2019.2/data/ip'.
open_project: Time (s): cpu = 00:00:12 ; elapsed = 00:00:06 . Memory (MB): peak = 934.809 ; gain = 237.102
update_compile_order -fileset sources_1
exit
INFO: [Common 17-206] Exiting Vivado at Tue Feb 21 20:22:27 2023...
