#-----------------------------------------------------------
# Vivado v2019.2 (64-bit)
# SW Build 2708876 on Wed Nov  6 21:40:23 MST 2019
# IP Build 2700528 on Thu Nov  7 00:09:20 MST 2019
# Start of session at: Mon Nov 28 13:56:09 2022
# Process ID: 2656
# Current directory: C:/Users/86157/Desktop/Study/digital logic/shiyan1/decorder_38
# Command line: vivado.exe -gui_launcher_event rodinguilauncherevent2500 C:\Users\86157\Desktop\Study\digital logic\shiyan1\decorder_38\decorder_38.xpr
# Log file: C:/Users/86157/Desktop/Study/digital logic/shiyan1/decorder_38/vivado.log
# Journal file: C:/Users/86157/Desktop/Study/digital logic/shiyan1/decorder_38\vivado.jou
#-----------------------------------------------------------
start_gui
open_project {C:/Users/86157/Desktop/Study/digital logic/shiyan1/decorder_38/decorder_38.xpr}
INFO: [Project 1-313] Project file moved from 'C:/Users/86157/Desktop/Study/数字逻辑设计/实验一/decorder_38' since laexit
INFO: [Common 17-206] Exiting Vivado at Mon Nov 28 13:56:29 2022...
234] Refreshing IP repositories
INFO: [IP_Flow 19-1704] No user IP repositories specified
INFO: [IP_Flow 19-2313] Loaded Vivado IP repository 'D:/Vivado/2019.2/data/ip'.
open_project: Time (s): cpu = 00:00:15 ; elapsed = 00:00:07 . Memory (MB): peak = 925.844 ; gain = 231.551
exit
INFO: [Common 17-206] Exiting Vivado at Mon Nov 28 13:56:37 2022...
