Copyright 1986-2019 Xilinx, Inc. All Rights Reserved.
-----------------------------------------------------------------------------------------------------------------------------------------------
| Tool Version : Vivado v.2019.2 (win64) Build 2708876 Wed Nov  6 21:40:23 MST 2019
| Date         : Sat Feb 18 14:56:22 2023
| Host         : LAPTOP-VB0O9CT6 running 64-bit major release  (build 9200)
| Command      : report_methodology -file top_methodology_drc_routed.rpt -pb top_methodology_drc_routed.pb -rpx top_methodology_drc_routed.rpx
| Design       : top
| Device       : xc7a100tfgg484-1
| Speed File   : -1
| Design State : Fully Routed
-----------------------------------------------------------------------------------------------------------------------------------------------

Report Methodology

Table of Contents
-----------------
1. REPORT SUMMARY
2. REPORT DETAILS

1. REPORT SUMMARY
-----------------
            Netlist: netlist
          Floorplan: design_1
      Design limits: <entire design considered>
             Max violations: <unlimited>
             Violations found: 30
+-----------+----------+-------------------------------+------------+
| Rule      | Severity | Description                   | Violations |
+-----------+----------+-------------------------------+------------+
| TIMING-18 | Warning  | Missing input or output delay | 30         |
+-----------+----------+-------------------------------+------------+

2. REPORT DETAILS
-----------------
TIMING-18#1 Warning
Missing input or output delay  
An input delay is missing on reset relative to clock(s) clk_100M
Related violations: <none>

TIMING-18#2 Warning
Missing input or output delay  
An input delay is missing on row[0] relative to clock(s) clk_100M
Related violations: <none>

TIMING-18#3 Warning
Missing input or output delay  
An input delay is missing on row[1] relative to clock(s) clk_100M
Related violations: <none>

TIMING-18#4 Warning
Missing input or output delay  
An input delay is missing on row[2] relative to clock(s) clk_100M
Related violations: <none>

TIMING-18#5 Warning
Missing input or output delay  
An input delay is missing on row[3] relative to clock(s) clk_100M
Related violations: <none>

TIMING-18#6 Warning
Missing input or output delay  
An output delay is missing on col[0] relative to clock(s) clk_100M
Related violations: <none>

TIMING-18#7 Warning
Missing input or output delay  
An output delay is missing on col[1] relative to clock(s) clk_100M
Related violations: <none>

TIMING-18#8 Warning
Missing input or output delay  
An output delay is missing on col[2] relative to clock(s) clk_100M
Related violations: <none>

TIMING-18#9 Warning
Missing input or output delay  
An output delay is missing on col[3] relative to clock(s) clk_100M
Related violations: <none>

TIMING-18#10 Warning
Missing input or output delay  
An output delay is missing on keyboard_en relative to clock(s) clk_100M
Related violations: <none>

TIMING-18#11 Warning
Missing input or output delay  
An output delay is missing on keyboard_led[0] relative to clock(s) clk_100M
Related violations: <none>

TIMING-18#12 Warning
Missing input or output delay  
An output delay is missing on keyboard_led[10] relative to clock(s) clk_100M
Related violations: <none>

TIMING-18#13 Warning
Missing input or output delay  
An output delay is missing on keyboard_led[11] relative to clock(s) clk_100M
Related violations: <none>

TIMING-18#14 Warning
Missing input or output delay  
An output delay is missing on keyboard_led[12] relative to clock(s) clk_100M
Related violations: <none>

TIMING-18#15 Warning
Missing input or output delay  
An output delay is missing on keyboard_led[13] relative to clock(s) clk_100M
Related violations: <none>

TIMING-18#16 Warning
Missing input or output delay  
An output delay is missing on keyboard_led[14] relative to clock(s) clk_100M
Related violations: <none>

TIMING-18#17 Warning
Missing input or output delay  
An output delay is missing on keyboard_led[15] relative to clock(s) clk_100M
Related violations: <none>

TIMING-18#18 Warning
Missing input or output delay  
An output delay is missing on keyboard_led[1] relative to clock(s) clk_100M
Related violations: <none>

TIMING-18#19 Warning
Missing input or output delay  
An output delay is missing on keyboard_led[2] relative to clock(s) clk_100M
Related violations: <none>

TIMING-18#20 Warning
Missing input or output delay  
An output delay is missing on keyboard_led[3] relative to clock(s) clk_100M
Related violations: <none>

TIMING-18#21 Warning
Missing input or output delay  
An output delay is missing on keyboard_led[4] relative to clock(s) clk_100M
Related violations: <none>

TIMING-18#22 Warning
Missing input or output delay  
An output delay is missing on keyboard_led[5] relative to clock(s) clk_100M
Related violations: <none>

TIMING-18#23 Warning
Missing input or output delay  
An output delay is missing on keyboard_led[6] relative to clock(s) clk_100M
Related violations: <none>

TIMING-18#24 Warning
Missing input or output delay  
An output delay is missing on keyboard_led[7] relative to clock(s) clk_100M
Related violations: <none>

TIMING-18#25 Warning
Missing input or output delay  
An output delay is missing on keyboard_led[8] relative to clock(s) clk_100M
Related violations: <none>

TIMING-18#26 Warning
Missing input or output delay  
An output delay is missing on keyboard_led[9] relative to clock(s) clk_100M
Related violations: <none>

TIMING-18#27 Warning
Missing input or output delay  
An output delay is missing on keyboard_num[0] relative to clock(s) clk_100M
Related violations: <none>

TIMING-18#28 Warning
Missing input or output delay  
An output delay is missing on keyboard_num[1] relative to clock(s) clk_100M
Related violations: <none>

TIMING-18#29 Warning
Missing input or output delay  
An output delay is missing on keyboard_num[2] relative to clock(s) clk_100M
Related violations: <none>

TIMING-18#30 Warning
Missing input or output delay  
An output delay is missing on keyboard_num[3] relative to clock(s) clk_100M
Related violations: <none>


