#-----------------------------------------------------------
# Vivado v2019.2 (64-bit)
# SW Build 2708876 on Wed Nov  6 21:40:23 MST 2019
# IP Build 2700528 on Thu Nov  7 00:09:20 MST 2019
# Start of session at: Mon Dec 12 17:59:40 2022
# Process ID: 33584
# Current directory: C:/Users/86157/Desktop/Study/digital logic/shiyan6/keyboard
# Command line: vivado.exe -gui_launcher_event rodinguilauncherevent39168 C:\Users\86157\Desktop\Study\digital logic\shiyan6\keyboard\keyboard.xpr
# Log file: C:/Users/86157/Desktop/Study/digital logic/shiyan6/keyboard/vivado.log
# Journal file: C:/Users/86157/Desktop/Study/digital logic/shiyan6/keyboard\vivado.jou
#-----------------------------------------------------------
start_gui
open_project {C:/Users/86157/Desktop/Study/digital logic/shiyan6/keyboard/keyboard.xpr}
Scanning sources...
Finished scanning sources
INFO: [IP_Flow 19-234] Refreshing IP repositories
INFO: [IP_Flow 19-1704] No user IP repositories specified
INFO: [IP_Flow 19-2313] Loaded Vivado IP repository 'D:/Vivado/2019.2/data/ip'.
open_project: Time (s): cpu = 00:00:12 ; elapsed = 00:00:05 . Memory (MB): peak = 969.129 ; gain = 235.434
update_compile_order -fileset sources_1
exit
INFO: [Common 17-206] Exiting Vivado at Mon Dec 12 18:32:51 2022...
