#-----------------------------------------------------------
# Vivado v2019.2 (64-bit)
# SW Build 2708876 on Wed Nov  6 21:40:23 MST 2019
# IP Build 2700528 on Thu Nov  7 00:09:20 MST 2019
# Start of session at: Mon Dec 12 16:32:25 2022
# Process ID: 35448
# Current directory: C:/Users/86157/Desktop/Study/digital logic/shiyan6/keyboard
# Command line: vivado.exe -gui_launcher_event rodinguilauncherevent30084 C:\Users\86157\Desktop\Study\digital logic\shiyan6\keyboard\keyboard.xpr
# Log file: C:/Users/86157/Desktop/Study/digital logic/shiyan6/keyboard/vivado.log
# Journal file: C:/Users/86157/Desktop/Study/digital logic/shiyan6/keyboard\vivado.jou
#-----------------------------------------------------------
start_gui
open_project {C:/Users/86157/Desktop/Study/digital logic/shiyan6/keyboard/keyboard.xpr}
Scanning sources...
Finished scanning sources
INFO: [IP_Flow 19-234] Refreshing IP repositories
INFO: [IP_Flow 19-1704] No user IP repositories specified
INFO: [IP_Flow 19-2313] Loaded Vivado IP repository 'D:/Vivado/2019.2/data/ip'.
open_project: Time (s): cpu = 00:00:13 ; elapsed = 00:00:05 . Memory (MB): peak = 973.438 ; gain = 228.562
update_compile_order -fileset sources_1
launch_simulation
Command: launch_simulation 
INFO: [Vivado 12-5682] Launching behavioral simulation in 'C:/Users/86157/Desktop/Study/digital logic/shiyan6/keyboard/keyboard.sim/sim_1/behav/xsim'
INFO: [SIM-utils-51] Simulation object is 'sim_1'
INFO: [SIM-utils-54] Inspecting design source files for 'keyboard_sim' in fileset 'sim_1'...
INFO: [USF-XSim-97] Finding global include files...
INFO: [USF-XSim-98] Fetching design files from 'sim_1'...
INFO: [USF-XSim-2] XSim::Compile design
INFO: [USF-XSim-61] Executing 'COMPILE and ANALYZE' step in 'C:/Users/86157/Desktop/Study/digital logic/shiyan6/keyboard/keyboard.sim/sim_1/behav/xsim'
"xvlog --incr --relax -prj keyboard_sim_vlog.prj"
INFO: [USF-XSim-69] 'compile' step finished in '3' seconds
INFO: [USF-XSim-3] XSim::Elaborate design
INFO: [USF-XSim-61] Executing 'ELABORATE' step in 'C:/Users/86157/Desktop/Study/digital logic/shiyan6/keyboard/keyboard.sim/sim_1/behav/xsim'
"xelab -wto a9ccd3e51a224ea4850dd6b43efb2b19 --incr --debug typical --relax --mt 2 -L xil_defaultlib -L unisims_ver -L unimacro_ver -L secureip --snapshot keyboard_sim_behav xil_defaultlib.keyboard_sim xil_defaultlib.glbl -log elaborate.log"
Vivado Simulator 2019.2
Copyright 1986-1999, 2001-2019 Xilinx, Inc. All Rights Reserved.
Running: D:/Vivado/2019.2/bin/unwrapped/win64.o/xelab.exe -wto a9ccd3e51a224ea4850dd6b43efb2b19 --incr --debug typical --relax --mt 2 -L xil_defaultlib -L unisims_ver -L unimacro_ver -L secureip --snapshot keyboard_sim_behav xil_defaultlib.keyboard_sim xil_defaultlib.glbl -log elaborate.log 
Using 2 slave threads.
Starting static elaboration
Pass Through NonSizing Optimizer
WARNING: [VRFC 10-3091] actual bit length 32 differs from formal bit length 1 for port 'cnt_inc' [C:/Users/86157/Desktop/Study/digital logic/shiyan6/keyboard/testbench.v:22]
WARNING: [VRFC 10-3091] actual bit length 32 differs from formal bit length 1 for port 'cnt_inc' [C:/Users/86157/Desktop/Study/digital logic/shiyan6/keyboard/keyboard.v:16]
Completed static elaboration
INFO: [XSIM 43-4323] No Change in HDL. Linking previously generated obj files to create kernel
INFO: [USF-XSim-69] 'elaborate' step finished in '2' seconds
INFO: [USF-XSim-4] XSim::Simulate design
INFO: [USF-XSim-61] Executing 'SIMULATE' step in 'C:/Users/86157/Desktop/Study/digital logic/shiyan6/keyboard/keyboard.sim/sim_1/behav/xsim'
INFO: [USF-XSim-98] *** Running xsim
   with args "keyboard_sim_behav -key {Behavioral:sim_1:Functional:keyboard_sim} -tclbatch {keyboard_sim.tcl} -log {simulate.log}"
INFO: [USF-XSim-8] Loading simulator feature
Vivado Simulator 2019.2
Time resolution is 1 ps
source keyboard_sim.tcl
# set curr_wave [current_wave_config]
# if { [string length $curr_wave] == 0 } {
#   if { [llength [get_objects]] > 0} {
#     add_wave /
#     set_property needs_save false [current_wave_config]
#   } else {
#      send_msg_id Add_Wave-1 WARNING "No top level signals found. Simulator will start without a wave window. If you want to open a wave window go to 'File->New Waveform Configuration' or type 'create_wave_config' in the TCL console."
#   }
# }
# run 1000ns
INFO: [USF-XSim-96] XSim completed. Design snapshot 'keyboard_sim_behav' loaded.
INFO: [USF-XSim-97] XSim simulation ran for 1000ns
launch_simulation: Time (s): cpu = 00:00:08 ; elapsed = 00:00:09 . Memory (MB): peak = 1062.805 ; gain = 0.000
run 100 ns
run 100 ns
run 100 ns
run 100 ns
run 1000 ns
close_sim
INFO: [Common 17-41] Interrupt caught. Command should exit soon.
INFO: [Simtcl 6-16] Simulation closed
INFO: [Common 17-344] 'close_sim' was cancelled
exit
INFO: [Common 17-206] Exiting Vivado at Mon Dec 12 17:57:21 2022...
