#-----------------------------------------------------------
# Vivado v2019.2 (64-bit)
# SW Build 2708876 on Wed Nov  6 21:40:23 MST 2019
# IP Build 2700528 on Thu Nov  7 00:09:20 MST 2019
# Start of session at: Sat Feb 18 14:49:57 2023
# Process ID: 16428
# Current directory: C:/Users/86157/Desktop/Study/digital logic/shiyan6/keyboard
# Command line: vivado.exe -gui_launcher_event rodinguilauncherevent5304 C:\Users\86157\Desktop\Study\digital logic\shiyan6\keyboard\keyboard.xpr
# Log file: C:/Users/86157/Desktop/Study/digital logic/shiyan6/keyboard/vivado.log
# Journal file: C:/Users/86157/Desktop/Study/digital logic/shiyan6/keyboard\vivado.jou
#-----------------------------------------------------------
start_gui
open_project {C:/Users/86157/Desktop/Study/digital logic/shiyan6/keyboard/keyboard.xpr}
Scanning sources...
Finished scanning sources
INFO: [IP_Flow 19-234] Refreshing IP repositories
INFO: [IP_Flow 19-1704] No user IP repositories specified
INFO: [IP_Flow 19-2313] Loaded Vivado IP repository 'D:/Vivado/2019.2/data/ip'.
open_project: Time (s): cpu = 00:00:16 ; elapsed = 00:00:06 . Memory (MB): peak = 931.750 ; gain = 223.586
update_compile_order -fileset sources_1
reset_run synth_1
launch_runs impl_1 -to_step write_bitstream -jobs 16
[Sat Feb 18 14:54:38 2023] Launched synth_1...
Run output will be captured here: C:/Users/86157/Desktop/Study/digital logic/shiyan6/keyboard/keyboard.runs/synth_1/runme.log
[Sat Feb 18 14:54:38 2023] Launched impl_1...
Run output will be captured here: C:/Users/86157/Desktop/Study/digital logic/shiyan6/keyboard/keyboard.runs/impl_1/runme.log
exit
INFO: [Common 17-206] Exiting Vivado at Sat Feb 18 14:57:05 2023...
