#-----------------------------------------------------------
# Vivado v2019.2 (64-bit)
# SW Build 2708876 on Wed Nov  6 21:40:23 MST 2019
# IP Build 2700528 on Thu Nov  7 00:09:20 MST 2019
# Start of session at: Sat Feb 18 14:24:07 2023
# Process ID: 15468
# Current directory: C:/Users/86157/Desktop/Study/digital logic/shiyan6/keyboard
# Command line: vivado.exe -gui_launcher_event rodinguilauncherevent20700 C:\Users\86157\Desktop\Study\digital logic\shiyan6\keyboard\keyboard.xpr
# Log file: C:/Users/86157/Desktop/Study/digital logic/shiyan6/keyboard/vivado.log
# Journal file: C:/Users/86157/Desktop/Study/digital logic/shiyan6/keyboard\vivado.jou
#-----------------------------------------------------------
start_gui
open_project {C:/Users/86157/Desktop/Study/digital logic/shiyan6/keyboard/keyboard.xpr}
Scanning sources...
Finished scanning sources
INFO: [IP_Flow 19-234] Refreshing IP repositories
INFO: [IP_Flow 19-1704] No user IP repositories specified
INFO: [IP_Flow 19-2313] Loaded Vivado IP repository 'D:/Vivado/2019.2/data/ip'.
open_project: Time (s): cpu = 00:00:17 ; elapsed = 00:00:07 . Memory (MB): peak = 960.984 ; gain = 260.938
update_compile_order -fileset sources_1
exit
INFO: [Common 17-206] Exiting Vivado at Sat Feb 18 14:24:42 2023...
