Copyright 1986-2019 Xilinx, Inc. All Rights Reserved.
-------------------------------------------------------------------------------------
| Tool Version : Vivado v.2019.2 (win64) Build 2708876 Wed Nov  6 21:40:23 MST 2019
| Date         : Mon Nov 14 16:15:17 2022
| Host         : LAPTOP-VB0O9CT6 running 64-bit major release  (build 9200)
| Command      : report_control_sets -verbose -file reg8file_control_sets_placed.rpt
| Design       : reg8file
| Device       : xc7a100t
-------------------------------------------------------------------------------------

Control Set Information

Table of Contents
-----------------
1. Summary
2. Histogram
3. Flip-Flop Distribution
4. Detailed Control Set Information

1. Summary
----------

+----------------------------------------------------------+-------+
|                          Status                          | Count |
+----------------------------------------------------------+-------+
| Total control sets                                       |     8 |
|    Minimum number of control sets                        |     8 |
|    Addition due to synthesis replication                 |     0 |
|    Addition due to physical synthesis replication        |     0 |
| Unused register locations in slices containing registers |     0 |
+----------------------------------------------------------+-------+
* Control sets can be merged at opt_design using control_set_merge or merge_equivalent_drivers
** Run report_qor_suggestions for automated merging and remapping suggestions


2. Histogram
------------

+--------------------+-------+
|       Fanout       | Count |
+--------------------+-------+
| Total control sets |     8 |
| >= 0 to < 4        |     0 |
| >= 4 to < 6        |     0 |
| >= 6 to < 8        |     0 |
| >= 8 to < 10       |     8 |
| >= 10 to < 12      |     0 |
| >= 12 to < 14      |     0 |
| >= 14 to < 16      |     0 |
| >= 16              |     0 |
+--------------------+-------+
* Control sets can be remapped at either synth_design or opt_design


3. Flip-Flop Distribution
-------------------------

+--------------+-----------------------+------------------------+-----------------+--------------+
| Clock Enable | Synchronous Set/Reset | Asynchronous Set/Reset | Total Registers | Total Slices |
+--------------+-----------------------+------------------------+-----------------+--------------+
| No           | No                    | No                     |               0 |            0 |
| No           | No                    | Yes                    |               0 |            0 |
| No           | Yes                   | No                     |               0 |            0 |
| Yes          | No                    | No                     |               0 |            0 |
| Yes          | No                    | Yes                    |              64 |           22 |
| Yes          | Yes                   | No                     |               0 |            0 |
+--------------+-----------------------+------------------------+-----------------+--------------+


4. Detailed Control Set Information
-----------------------------------

+----------------+---------------+------------------+------------------+----------------+
|  Clock Signal  | Enable Signal | Set/Reset Signal | Slice Load Count | Bel Load Count |
+----------------+---------------+------------------+------------------+----------------+
|  clk_IBUF_BUFG | u_dff80/En[0] | clr_IBUF         |                2 |              8 |
|  clk_IBUF_BUFG | u_dff81/En[1] | clr_IBUF         |                3 |              8 |
|  clk_IBUF_BUFG | u_dff82/En[2] | clr_IBUF         |                2 |              8 |
|  clk_IBUF_BUFG | u_dff83/En[3] | clr_IBUF         |                2 |              8 |
|  clk_IBUF_BUFG | u_dff84/En[4] | clr_IBUF         |                3 |              8 |
|  clk_IBUF_BUFG | u_dff85/En[5] | clr_IBUF         |                2 |              8 |
|  clk_IBUF_BUFG | u_dff86/En[6] | clr_IBUF         |                2 |              8 |
|  clk_IBUF_BUFG | u_dff87/En[7] | clr_IBUF         |                6 |              8 |
+----------------+---------------+------------------+------------------+----------------+


